<?xml version="1.0" encoding="UTF-8" ?>
<testsuite tests="26" failures="0" name="com.eviware.soapui.impl.GenericPanelBuilderTest" time="0.987" errors="0" skipped="0">
  <properties>
    <property name="java.runtime.name" value="Java(TM) SE Runtime Environment"/>
    <property name="sun.boot.library.path" value="/usr/lib/jvm/java-8-oracle/jre/lib/amd64"/>
    <property name="java.vm.version" value="25.111-b14"/>
    <property name="java.vm.vendor" value="Oracle Corporation"/>
    <property name="java.vendor.url" value="http://java.oracle.com/"/>
    <property name="path.separator" value=":"/>
    <property name="guice.disable.misplaced.annotation.check" value="true"/>
    <property name="java.vm.name" value="Java HotSpot(TM) 64-Bit Server VM"/>
    <property name="file.encoding.pkg" value="sun.io"/>
    <property name="user.country" value="IN"/>
    <property name="sun.java.launcher" value="SUN_STANDARD"/>
    <property name="sun.os.patch.level" value="unknown"/>
    <property name="java.vm.specification.name" value="Java Virtual Machine Specification"/>
    <property name="user.dir" value="/home/stonex/Desktop/soap/soapui/soapui"/>
    <property name="java.runtime.version" value="1.8.0_111-b14"/>
    <property name="java.awt.graphicsenv" value="sun.awt.X11GraphicsEnvironment"/>
    <property name="java.endorsed.dirs" value="/usr/lib/jvm/java-8-oracle/jre/lib/endorsed"/>
    <property name="os.arch" value="amd64"/>
    <property name="java.io.tmpdir" value="/tmp"/>
    <property name="line.separator" value="
"/>
    <property name="java.vm.specification.vendor" value="Oracle Corporation"/>
    <property name="os.name" value="Linux"/>
    <property name="classworlds.conf" value="/usr/share/maven/bin/m2.conf"/>
    <property name="sun.jnu.encoding" value="UTF-8"/>
    <property name="java.library.path" value="/usr/java/packages/lib/amd64:/usr/lib64:/lib64:/lib:/usr/lib"/>
    <property name="java.specification.name" value="Java Platform API Specification"/>
    <property name="java.class.version" value="52.0"/>
    <property name="sun.management.compiler" value="HotSpot 64-Bit Tiered Compilers"/>
    <property name="os.version" value="3.13.0-24-generic"/>
    <property name="user.home" value="/home/stonex"/>
    <property name="user.timezone" value="Asia/Kolkata"/>
    <property name="java.awt.printerjob" value="sun.print.PSPrinterJob"/>
    <property name="file.encoding" value="UTF-8"/>
    <property name="java.specification.version" value="1.8"/>
    <property name="user.name" value="stonex"/>
    <property name="java.class.path" value="/usr/share/maven/boot/plexus-classworlds-2.x.jar"/>
    <property name="java.vm.specification.version" value="1.8"/>
    <property name="sun.arch.data.model" value="64"/>
    <property name="java.home" value="/usr/lib/jvm/java-8-oracle/jre"/>
    <property name="sun.java.command" value="org.codehaus.plexus.classworlds.launcher.Launcher integration-test com.github.redfish4ktc.soapui:maven-soapui-extension-plugin:4.6.4.2:test-multi"/>
    <property name="java.specification.vendor" value="Oracle Corporation"/>
    <property name="user.language" value="en"/>
    <property name="awt.toolkit" value="sun.awt.X11.XToolkit"/>
    <property name="java.vm.info" value="mixed mode"/>
    <property name="java.version" value="1.8.0_111"/>
    <property name="java.ext.dirs" value="/usr/lib/jvm/java-8-oracle/jre/lib/ext:/usr/java/packages/lib/ext"/>
    <property name="securerandom.source" value="file:/dev/./urandom"/>
    <property name="sun.boot.class.path" value="/usr/lib/jvm/java-8-oracle/jre/lib/resources.jar:/usr/lib/jvm/java-8-oracle/jre/lib/rt.jar:/usr/lib/jvm/java-8-oracle/jre/lib/sunrsasign.jar:/usr/lib/jvm/java-8-oracle/jre/lib/jsse.jar:/usr/lib/jvm/java-8-oracle/jre/lib/jce.jar:/usr/lib/jvm/java-8-oracle/jre/lib/charsets.jar:/usr/lib/jvm/java-8-oracle/jre/lib/jfr.jar:/usr/lib/jvm/java-8-oracle/jre/classes"/>
    <property name="java.vendor" value="Oracle Corporation"/>
    <property name="maven.home" value="/usr/share/maven"/>
    <property name="file.separator" value="/"/>
    <property name="java.vendor.url.bug" value="http://bugreport.sun.com/bugreport/"/>
    <property name="sun.cpu.endian" value="little"/>
    <property name="sun.io.unicode.encoding" value="UnicodeLittle"/>
    <property name="sun.desktop" value="gnome"/>
    <property name="sun.cpu.isalist" value=""/>
  </properties>
  <testcase classname="com.eviware.soapui.impl.GenericPanelBuilderTest" name="builderValuesShouldMatchModel[0 - class com.eviware.soapui.impl.wsdl.panels.teststeps.amf.AMFRequestTestStepPanelBuilder]" time="0.088"/>
  <testcase classname="com.eviware.soapui.impl.GenericPanelBuilderTest" name="builderValuesShouldMatchModel[1 - class com.eviware.soapui.impl.wsdl.panels.teststeps.DelayTestStepPanelBuilder]" time="0.013"/>
  <testcase classname="com.eviware.soapui.impl.GenericPanelBuilderTest" name="builderValuesShouldMatchModel[2 - class com.eviware.soapui.impl.wsdl.panels.teststeps.HttpTestRequestPanelBuilder]" time="0.201"/>
  <testcase classname="com.eviware.soapui.impl.GenericPanelBuilderTest" name="builderValuesShouldMatchModel[3 - class com.eviware.soapui.impl.wsdl.panels.teststeps.JdbcRequestTestStepPanelBuilder]" time="0.018"/>
  <testcase classname="com.eviware.soapui.impl.GenericPanelBuilderTest" name="builderValuesShouldMatchModel[4 - class com.eviware.soapui.impl.wsdl.panels.teststeps.MockResponseStepPanelBuilder]" time="0.042"/>
  <testcase classname="com.eviware.soapui.impl.GenericPanelBuilderTest" name="builderValuesShouldMatchModel[5 - class com.eviware.soapui.impl.wsdl.panels.teststeps.PropertiesStepPanelBuilder]" time="0.018"/>
  <testcase classname="com.eviware.soapui.impl.GenericPanelBuilderTest" name="builderValuesShouldMatchModel[6 - class com.eviware.soapui.impl.rest.panels.method.RestMethodPanelBuilder]" time="0.014"/>
  <testcase classname="com.eviware.soapui.impl.GenericPanelBuilderTest" name="builderValuesShouldMatchModel[7 - class com.eviware.soapui.impl.rest.panels.mock.RestMockActionPanelBuilder]" time="0.016"/>
  <testcase classname="com.eviware.soapui.impl.GenericPanelBuilderTest" name="builderValuesShouldMatchModel[8 - class com.eviware.soapui.impl.rest.panels.mock.RestMockResponsePanelBuilder]" time="0.014"/>
  <testcase classname="com.eviware.soapui.impl.GenericPanelBuilderTest" name="builderValuesShouldMatchModel[9 - class com.eviware.soapui.impl.rest.panels.mock.RestMockServicePanelBuilder]" time="0.016"/>
  <testcase classname="com.eviware.soapui.impl.GenericPanelBuilderTest" name="builderValuesShouldMatchModel[10 - class com.eviware.soapui.impl.rest.panels.request.RestRequestPanelBuilder]" time="0.073"/>
  <testcase classname="com.eviware.soapui.impl.GenericPanelBuilderTest" name="builderValuesShouldMatchModel[11 - class com.eviware.soapui.impl.rest.panels.resource.RestResourcePanelBuilder]" time="0.012"/>
  <testcase classname="com.eviware.soapui.impl.GenericPanelBuilderTest" name="builderValuesShouldMatchModel[12 - class com.eviware.soapui.impl.rest.panels.service.RestServicePanelBuilder]" time="0.014"/>
  <testcase classname="com.eviware.soapui.impl.GenericPanelBuilderTest" name="builderValuesShouldMatchModel[13 - class com.eviware.soapui.impl.wsdl.panels.teststeps.RestTestRequestPanelBuilder]" time="0.076"/>
  <testcase classname="com.eviware.soapui.impl.GenericPanelBuilderTest" name="builderValuesShouldMatchModel[14 - class com.eviware.soapui.impl.WorkspaceImplPanelBuilder]" time="0.014"/>
  <testcase classname="com.eviware.soapui.impl.GenericPanelBuilderTest" name="builderValuesShouldMatchModel[15 - class com.eviware.soapui.impl.wsdl.panels.iface.WsdlInterfacePanelBuilder]" time="0.033"/>
  <testcase classname="com.eviware.soapui.impl.GenericPanelBuilderTest" name="builderValuesShouldMatchModel[16 - class com.eviware.soapui.impl.wsdl.panels.mockoperation.WsdlMockOperationPanelBuilder]" time="0.011"/>
  <testcase classname="com.eviware.soapui.impl.GenericPanelBuilderTest" name="builderValuesShouldMatchModel[17 - class com.eviware.soapui.impl.wsdl.panels.mockoperation.WsdlMockResponsePanelBuilder]" time="0.063"/>
  <testcase classname="com.eviware.soapui.impl.GenericPanelBuilderTest" name="builderValuesShouldMatchModel[18 - class com.eviware.soapui.impl.wsdl.panels.mock.WsdlMockServicePanelBuilder]" time="0.024"/>
  <testcase classname="com.eviware.soapui.impl.GenericPanelBuilderTest" name="builderValuesShouldMatchModel[19 - class com.eviware.soapui.impl.wsdl.panels.operation.WsdlOperationPanelBuilder]" time="0.015"/>
  <testcase classname="com.eviware.soapui.impl.GenericPanelBuilderTest" name="builderValuesShouldMatchModel[20 - class com.eviware.soapui.impl.wsdl.panels.project.WsdlProjectPanelBuilder]" time="0.014"/>
  <testcase classname="com.eviware.soapui.impl.GenericPanelBuilderTest" name="builderValuesShouldMatchModel[21 - class com.eviware.soapui.impl.wsdl.panels.request.WsdlRequestPanelBuilder]" time="0.067"/>
  <testcase classname="com.eviware.soapui.impl.GenericPanelBuilderTest" name="builderValuesShouldMatchModel[22 - class com.eviware.soapui.impl.wsdl.panels.teststeps.WsdlRunTestCaseTestStepPanelBuilder]" time="0.01"/>
  <testcase classname="com.eviware.soapui.impl.GenericPanelBuilderTest" name="builderValuesShouldMatchModel[23 - class com.eviware.soapui.impl.wsdl.panels.testcase.WsdlTestCasePanelBuilder]" time="0.016"/>
  <testcase classname="com.eviware.soapui.impl.GenericPanelBuilderTest" name="builderValuesShouldMatchModel[24 - class com.eviware.soapui.impl.wsdl.panels.teststeps.WsdlTestRequestPanelBuilder]" time="0.095"/>
  <testcase classname="com.eviware.soapui.impl.GenericPanelBuilderTest" name="builderValuesShouldMatchModel[25 - class com.eviware.soapui.impl.wsdl.panels.testsuite.WsdlTestSuitePanelBuilder]" time="0.01"/>
</testsuite>